# JRE version: Java(TM) SE Runtime Environment (21.0.8+12) (build 21.0.8+12-LTS-250)
# Java VM: Java HotSpot(TM) 64-Bit Server VM (21.0.8+12-LTS-250, mixed mode, sharing, tiered, compressed oops, compressed class ptrs, g1 gc, windows-amd64)
GC Precious Log:
 CardTable entry size: 512
 Card Set container configuration: InlinePtr #cards 5 size 8 Array Of Cards #cards 12 size 40 Howl #buckets 4 coarsen threshold 1843 Howl Bitmap #cards 512 size 80 coarsen threshold 460 Card regions per heap region 1 cards per card region 2048
 CPUs: 8 total, 8 available
 Memory: 7379M
 Large Page Support: Disabled
 NUMA Support: Disabled
 Compressed Oops: Enabled (32-bit)
 Heap Region Size: 1M
 Heap Min Capacity: 8M
 Heap Initial Capacity: 116M
 Heap Max Capacity: 1846M
 Pre-touch: Disabled
 Parallel Workers: 8
 Concurrent Workers: 2
 Concurrent Refinement Workers: 8
 Periodic GC: Disabled
Heap:
 garbage-first heap   total 73728K, used 51029K [0x000000008ca00000, 0x0000000100000000)
  region size 1024K, 11 young (11264K), 1 survivors (1024K)
 Metaspace       used 89680K, committed 90432K, reserved 1179648K
  class space    used 12526K, committed 12864K, reserved 1048576K
GC Heap History (20 events):
Event: 16.181 GC heap before
{Heap before GC invocations=16 (full 0):
 garbage-first heap   total 65536K, used 55720K [0x000000008ca00000, 0x0000000100000000)
  region size 1024K, 26 young (26624K), 4 survivors (4096K)
 Metaspace       used 76902K, committed 77696K, reserved 1179648K
  class space    used 10640K, committed 11008K, reserved 1048576K
}
Event: 16.185 GC heap after
{Heap after GC invocations=17 (full 0):
 garbage-first heap   total 65536K, used 35087K [0x000000008ca00000, 0x0000000100000000)
  region size 1024K, 3 young (3072K), 3 survivors (3072K)
 Metaspace       used 76902K, committed 77696K, reserved 1179648K
  class space    used 10640K, committed 11008K, reserved 1048576K
}
Event: 16.642 GC heap before
{Heap before GC invocations=18 (full 0):
 garbage-first heap   total 65536K, used 56591K [0x000000008ca00000, 0x0000000100000000)
  region size 1024K, 25 young (25600K), 3 survivors (3072K)
 Metaspace       used 78649K, committed 79424K, reserved 1179648K
  class space    used 11043K, committed 11392K, reserved 1048576K
}
Event: 16.645 GC heap after
{Heap after GC invocations=19 (full 0):
 garbage-first heap   total 65536K, used 36613K [0x000000008ca00000, 0x0000000100000000)
  region size 1024K, 3 young (3072K), 3 survivors (3072K)
 Metaspace       used 78649K, committed 79424K, reserved 1179648K
  class space    used 11043K, committed 11392K, reserved 1048576K
}
Event: 16.755 GC heap before
{Heap before GC invocations=19 (full 0):
 garbage-first heap   total 65536K, used 57093K [0x000000008ca00000, 0x0000000100000000)
  region size 1024K, 23 young (23552K), 3 survivors (3072K)
 Metaspace       used 78935K, committed 79744K, reserved 1179648K
  class space    used 11078K, committed 11456K, reserved 1048576K
}
Event: 16.758 GC heap after
{Heap after GC invocations=20 (full 0):
 garbage-first heap   total 65536K, used 36744K [0x000000008ca00000, 0x0000000100000000)
  region size 1024K, 3 young (3072K), 3 survivors (3072K)
 Metaspace       used 78935K, committed 79744K, reserved 1179648K
  class space    used 11078K, committed 11456K, reserved 1048576K
}
Event: 17.476 GC heap before
{Heap before GC invocations=20 (full 0):
 garbage-first heap   total 65536K, used 57224K [0x000000008ca00000, 0x0000000100000000)
  region size 1024K, 23 young (23552K), 3 survivors (3072K)
 Metaspace       used 81454K, committed 82240K, reserved 1179648K
  class space    used 11439K, committed 11776K, reserved 1048576K
}
Event: 17.482 GC heap after
{Heap after GC invocations=21 (full 0):
 garbage-first heap   total 65536K, used 38698K [0x000000008ca00000, 0x0000000100000000)
  region size 1024K, 3 young (3072K), 3 survivors (3072K)
 Metaspace       used 81454K, committed 82240K, reserved 1179648K
  class space    used 11439K, committed 11776K, reserved 1048576K
}
Event: 18.219 GC heap before
{Heap before GC invocations=22 (full 0):
 garbage-first heap   total 68608K, used 57130K [0x000000008ca00000, 0x0000000100000000)
  region size 1024K, 21 young (21504K), 3 survivors (3072K)
 Metaspace       used 83972K, committed 84736K, reserved 1179648K
  class space    used 11788K, committed 12160K, reserved 1048576K
}
Event: 18.224 GC heap after
{Heap after GC invocations=23 (full 0):
 garbage-first heap   total 68608K, used 41260K [0x000000008ca00000, 0x0000000100000000)
  region size 1024K, 3 young (3072K), 3 survivors (3072K)
 Metaspace       used 83972K, committed 84736K, reserved 1179648K
  class space    used 11788K, committed 12160K, reserved 1048576K
}
Event: 48.406 GC heap before
{Heap before GC invocations=23 (full 0):
 garbage-first heap   total 68608K, used 60716K [0x000000008ca00000, 0x0000000100000000)
  region size 1024K, 22 young (22528K), 3 survivors (3072K)
 Metaspace       used 88023K, committed 88768K, reserved 1179648K
  class space    used 12344K, committed 12672K, reserved 1048576K
}
Event: 48.452 GC heap after
{Heap after GC invocations=24 (full 0):
 garbage-first heap   total 68608K, used 41833K [0x000000008ca00000, 0x0000000100000000)
  region size 1024K, 2 young (2048K), 2 survivors (2048K)
 Metaspace       used 88023K, committed 88768K, reserved 1179648K
  class space    used 12344K, committed 12672K, reserved 1048576K
}
Event: 195.177 GC heap before
{Heap before GC invocations=24 (full 0):
 garbage-first heap   total 68608K, used 60265K [0x000000008ca00000, 0x0000000100000000)
  region size 1024K, 21 young (21504K), 2 survivors (2048K)
 Metaspace       used 89529K, committed 90368K, reserved 1179648K
  class space    used 12516K, committed 12864K, reserved 1048576K
}
Event: 195.268 GC heap after
{Heap after GC invocations=25 (full 0):
 garbage-first heap   total 68608K, used 42269K [0x000000008ca00000, 0x0000000100000000)
  region size 1024K, 2 young (2048K), 2 survivors (2048K)
 Metaspace       used 89529K, committed 90368K, reserved 1179648K
  class space    used 12516K, committed 12864K, reserved 1048576K
}
Event: 410.525 GC heap before
{Heap before GC invocations=26 (full 0):
 garbage-first heap   total 73728K, used 60701K [0x000000008ca00000, 0x0000000100000000)
  region size 1024K, 20 young (20480K), 2 survivors (2048K)
 Metaspace       used 89559K, committed 90432K, reserved 1179648K
  class space    used 12517K, committed 12864K, reserved 1048576K
}
Event: 410.620 GC heap after
{Heap after GC invocations=27 (full 0):
 garbage-first heap   total 73728K, used 42323K [0x000000008ca00000, 0x0000000100000000)
  region size 1024K, 1 young (1024K), 1 survivors (1024K)
 Metaspace       used 89559K, committed 90432K, reserved 1179648K
  class space    used 12517K, committed 12864K, reserved 1048576K
}
Event: 697.610 GC heap before
{Heap before GC invocations=27 (full 0):
 garbage-first heap   total 73728K, used 66899K [0x000000008ca00000, 0x0000000100000000)
  region size 1024K, 25 young (25600K), 1 survivors (1024K)
 Metaspace       used 89594K, committed 90432K, reserved 1179648K
  class space    used 12517K, committed 12864K, reserved 1048576K
}
Event: 697.701 GC heap after
{Heap after GC invocations=28 (full 0):
 garbage-first heap   total 73728K, used 41769K [0x000000008ca00000, 0x0000000100000000)
  region size 1024K, 1 young (1024K), 1 survivors (1024K)
 Metaspace       used 89594K, committed 90432K, reserved 1179648K
  class space    used 12517K, committed 12864K, reserved 1048576K
}
Event: 984.025 GC heap before
{Heap before GC invocations=28 (full 0):
 garbage-first heap   total 73728K, used 66345K [0x000000008ca00000, 0x0000000100000000)
  region size 1024K, 25 young (25600K), 1 survivors (1024K)
 Metaspace       used 89648K, committed 90432K, reserved 1179648K
  class space    used 12517K, committed 12864K, reserved 1048576K
}
Event: 984.116 GC heap after
{Heap after GC invocations=29 (full 0):
 garbage-first heap   total 73728K, used 41813K [0x000000008ca00000, 0x0000000100000000)
  region size 1024K, 1 young (1024K), 1 survivors (1024K)
 Metaspace       used 89648K, committed 90432K, reserved 1179648K
  class space    used 12517K, committed 12864K, reserved 1048576K
}

