# JRE version: Java(TM) SE Runtime Environment (21.0.8+12) (build 21.0.8+12-LTS-250)
# Java VM: Java HotSpot(TM) 64-Bit Server VM (21.0.8+12-LTS-250, mixed mode, sharing, tiered, compressed oops, compressed class ptrs, g1 gc, windows-amd64)
GC Precious Log:
 CardTable entry size: 512
 Card Set container configuration: InlinePtr #cards 5 size 8 Array Of Cards #cards 12 size 40 Howl #buckets 4 coarsen threshold 1843 Howl Bitmap #cards 512 size 80 coarsen threshold 460 Card regions per heap region 1 cards per card region 2048
 CPUs: 8 total, 8 available
 Memory: 7379M
 Large Page Support: Disabled
 NUMA Support: Disabled
 Compressed Oops: Enabled (32-bit)
 Heap Region Size: 1M
 Heap Min Capacity: 8M
 Heap Initial Capacity: 116M
 Heap Max Capacity: 1846M
 Pre-touch: Disabled
 Parallel Workers: 8
 Concurrent Workers: 2
 Concurrent Refinement Workers: 8
 Periodic GC: Disabled
Heap:
 garbage-first heap   total 58368K, used 24235K [0x000000008ca00000, 0x0000000100000000)
  region size 1024K, 5 young (5120K), 4 survivors (4096K)
 Metaspace       used 39634K, committed 40256K, reserved 1114112K
  class space    used 5096K, committed 5376K, reserved 1048576K
GC Heap History (16 events):
Event: 3.437 GC heap before
{Heap before GC invocations=0 (full 0):
 garbage-first heap   total 118784K, used 24576K [0x000000008ca00000, 0x0000000100000000)
  region size 1024K, 23 young (23552K), 0 survivors (0K)
 Metaspace       used 8394K, committed 8640K, reserved 1114112K
  class space    used 892K, committed 1024K, reserved 1048576K
}
Event: 3.454 GC heap after
{Heap after GC invocations=1 (full 0):
 garbage-first heap   total 118784K, used 9600K [0x000000008ca00000, 0x0000000100000000)
  region size 1024K, 3 young (3072K), 3 survivors (3072K)
 Metaspace       used 8394K, committed 8640K, reserved 1114112K
  class space    used 892K, committed 1024K, reserved 1048576K
}
Event: 6.513 GC heap before
{Heap before GC invocations=1 (full 0):
 garbage-first heap   total 118784K, used 35200K [0x000000008ca00000, 0x0000000100000000)
  region size 1024K, 29 young (29696K), 3 survivors (3072K)
 Metaspace       used 14474K, committed 14976K, reserved 1114112K
  class space    used 1760K, committed 1984K, reserved 1048576K
}
Event: 6.519 GC heap after
{Heap after GC invocations=2 (full 0):
 garbage-first heap   total 118784K, used 12214K [0x000000008ca00000, 0x0000000100000000)
  region size 1024K, 3 young (3072K), 3 survivors (3072K)
 Metaspace       used 14474K, committed 14976K, reserved 1114112K
  class space    used 1760K, committed 1984K, reserved 1048576K
}
Event: 7.785 GC heap before
{Heap before GC invocations=2 (full 0):
 garbage-first heap   total 118784K, used 39862K [0x000000008ca00000, 0x0000000100000000)
  region size 1024K, 32 young (32768K), 3 survivors (3072K)
 Metaspace       used 21100K, committed 21504K, reserved 1114112K
  class space    used 2618K, committed 2816K, reserved 1048576K
}
Event: 7.790 GC heap after
{Heap after GC invocations=3 (full 0):
 garbage-first heap   total 118784K, used 14605K [0x000000008ca00000, 0x0000000100000000)
  region size 1024K, 5 young (5120K), 5 survivors (5120K)
 Metaspace       used 21100K, committed 21504K, reserved 1114112K
  class space    used 2618K, committed 2816K, reserved 1048576K
}
Event: 8.838 GC heap before
{Heap before GC invocations=4 (full 0):
 garbage-first heap   total 58368K, used 43277K [0x000000008ca00000, 0x0000000100000000)
  region size 1024K, 34 young (34816K), 5 survivors (5120K)
 Metaspace       used 26046K, committed 26560K, reserved 1114112K
  class space    used 3210K, committed 3456K, reserved 1048576K
}
Event: 8.845 GC heap after
{Heap after GC invocations=5 (full 0):
 garbage-first heap   total 58368K, used 17184K [0x000000008ca00000, 0x0000000100000000)
  region size 1024K, 5 young (5120K), 5 survivors (5120K)
 Metaspace       used 26046K, committed 26560K, reserved 1114112K
  class space    used 3210K, committed 3456K, reserved 1048576K
}
Event: 10.486 GC heap before
{Heap before GC invocations=5 (full 0):
 garbage-first heap   total 58368K, used 42784K [0x000000008ca00000, 0x0000000100000000)
  region size 1024K, 30 young (30720K), 5 survivors (5120K)
 Metaspace       used 29213K, committed 29696K, reserved 1114112K
  class space    used 3597K, committed 3840K, reserved 1048576K
}
Event: 10.492 GC heap after
{Heap after GC invocations=6 (full 0):
 garbage-first heap   total 58368K, used 18910K [0x000000008ca00000, 0x0000000100000000)
  region size 1024K, 3 young (3072K), 3 survivors (3072K)
 Metaspace       used 29213K, committed 29696K, reserved 1114112K
  class space    used 3597K, committed 3840K, reserved 1048576K
}
Event: 12.890 GC heap before
{Heap before GC invocations=6 (full 0):
 garbage-first heap   total 58368K, used 45534K [0x000000008ca00000, 0x0000000100000000)
  region size 1024K, 29 young (29696K), 3 survivors (3072K)
 Metaspace       used 33666K, committed 34176K, reserved 1114112K
  class space    used 4296K, committed 4544K, reserved 1048576K
}
Event: 12.895 GC heap after
{Heap after GC invocations=7 (full 0):
 garbage-first heap   total 58368K, used 20717K [0x000000008ca00000, 0x0000000100000000)
  region size 1024K, 4 young (4096K), 4 survivors (4096K)
 Metaspace       used 33666K, committed 34176K, reserved 1114112K
  class space    used 4296K, committed 4544K, reserved 1048576K
}
Event: 13.812 GC heap before
{Heap before GC invocations=7 (full 0):
 garbage-first heap   total 58368K, used 28909K [0x000000008ca00000, 0x0000000100000000)
  region size 1024K, 13 young (13312K), 4 survivors (4096K)
 Metaspace       used 35382K, committed 35968K, reserved 1114112K
  class space    used 4579K, committed 4864K, reserved 1048576K
}
Event: 13.817 GC heap after
{Heap after GC invocations=8 (full 0):
 garbage-first heap   total 58368K, used 22044K [0x000000008ca00000, 0x0000000100000000)
  region size 1024K, 2 young (2048K), 2 survivors (2048K)
 Metaspace       used 35382K, committed 35968K, reserved 1114112K
  class space    used 4579K, committed 4864K, reserved 1048576K
}
Event: 18.863 GC heap before
{Heap before GC invocations=9 (full 0):
 garbage-first heap   total 58368K, used 46620K [0x000000008ca00000, 0x0000000100000000)
  region size 1024K, 26 young (26624K), 2 survivors (2048K)
 Metaspace       used 39528K, committed 40192K, reserved 1114112K
  class space    used 5085K, committed 5376K, reserved 1048576K
}
Event: 18.867 GC heap after
{Heap after GC invocations=10 (full 0):
 garbage-first heap   total 58368K, used 24235K [0x000000008ca00000, 0x0000000100000000)
  region size 1024K, 4 young (4096K), 4 survivors (4096K)
 Metaspace       used 39528K, committed 40192K, reserved 1114112K
  class space    used 5085K, committed 5376K, reserved 1048576K
}

